<?xml version="1.0" encoding="UTF-8"?>
<!-- Generated by org.testng.reporters.JUnitXMLReporter -->
<testsuite hostname="LAPTOP-CKOV7N0K" ignored="12" name="Default test" tests="1" failures="1" timestamp="2020-05-22T11:56:08 IST" time="58.677" errors="0">
  <testcase name="TC001_verify_user_is_able_to_add_candidate_successfully_without_mapping_job" time="45.421" classname="com.auz.selenium.ui.candidate.testcases.AddCandidate">
    <failure type="java.lang.RuntimeException" message="Server returned HTTP response code: 401 for URL: https://auzmorhr.testrail.io/index.php?/api/v2/add_result/258346">
      <![CDATA[java.lang.RuntimeException: Server returned HTTP response code: 401 for URL: https://auzmorhr.testrail.io/index.php?/api/v2/add_result/258346
at com.auz.selenium.CoreUtils.SeleniumBase.sendPostRequest(SeleniumBase.java:650)
at com.auz.selenium.CoreUtils.SeleniumBase.updateTestRailResultAsFail(SeleniumBase.java:623)
at com.auz.selenium.ui.candidate.testcases.AddCandidate.TC001_verify_user_is_able_to_add_candidate_successfully_without_mapping_job(AddCandidate.java:68)
at sun.reflect.NativeMethodAccessorImpl.invoke0(Native Method)
at sun.reflect.NativeMethodAccessorImpl.invoke(Unknown Source)
at sun.reflect.DelegatingMethodAccessorImpl.invoke(Unknown Source)
at java.lang.reflect.Method.invoke(Unknown Source)
at org.testng.internal.MethodInvocationHelper.invokeMethod(MethodInvocationHelper.java:134)
at org.testng.internal.TestInvoker.invokeMethod(TestInvoker.java:597)
at org.testng.internal.TestInvoker.invokeTestMethod(TestInvoker.java:173)
at org.testng.internal.MethodRunner.runInSequence(MethodRunner.java:46)
at org.testng.internal.TestInvoker$MethodInvocationAgent.invoke(TestInvoker.java:816)
at org.testng.internal.TestInvoker.invokeTestMethods(TestInvoker.java:146)
at org.testng.internal.TestMethodWorker.invokeTestMethods(TestMethodWorker.java:146)
at org.testng.internal.TestMethodWorker.run(TestMethodWorker.java:128)
at java.util.ArrayList.forEach(Unknown Source)
at org.testng.TestRunner.privateRun(TestRunner.java:766)
at org.testng.TestRunner.run(TestRunner.java:587)
at org.testng.SuiteRunner.runTest(SuiteRunner.java:384)
at org.testng.SuiteRunner.runSequentially(SuiteRunner.java:378)
at org.testng.SuiteRunner.privateRun(SuiteRunner.java:337)
at org.testng.SuiteRunner.run(SuiteRunner.java:286)
at org.testng.SuiteRunnerWorker.runSuite(SuiteRunnerWorker.java:53)
at org.testng.SuiteRunnerWorker.run(SuiteRunnerWorker.java:96)
at org.testng.TestNG.runSuitesSequentially(TestNG.java:1187)
at org.testng.TestNG.runSuitesLocally(TestNG.java:1109)
at org.testng.TestNG.runSuites(TestNG.java:1039)
at org.testng.TestNG.run(TestNG.java:1007)
at org.testng.remote.AbstractRemoteTestNG.run(AbstractRemoteTestNG.java:115)
at org.testng.remote.RemoteTestNG.initAndRun(RemoteTestNG.java:251)
at org.testng.remote.RemoteTestNG.main(RemoteTestNG.java:77)
]]>
    </failure>
  </testcase> <!-- TC001_verify_user_is_able_to_add_candidate_successfully_without_mapping_job -->
  <testcase name="TC006_verify_application_throwing_error_when_source_is_not_selected" time="0.0" classname="com.auz.selenium.ui.candidate.testcases.AddCandidate">
    <ignored/>
  </testcase> <!-- TC006_verify_application_throwing_error_when_source_is_not_selected -->
  <testcase name="TC004_verify_user_is_able_to_add_candidate_successfully_by_addingJob_and_by_entering_MandatoryFields" time="0.0" classname="com.auz.selenium.ui.candidate.testcases.AddCandidate">
    <ignored/>
  </testcase> <!-- TC004_verify_user_is_able_to_add_candidate_successfully_by_addingJob_and_by_entering_MandatoryFields -->
  <testcase name="TC013_verify_user_is_able_to_add_candidate_via_resume_in_candidate_page" time="0.0" classname="com.auz.selenium.ui.candidate.testcases.AddCandidate">
    <ignored/>
  </testcase> <!-- TC013_verify_user_is_able_to_add_candidate_via_resume_in_candidate_page -->
  <testcase name="TC010_verify_application_throwing_error_while_submitting_candidate_by_entering_only_candidate_currentPosition" time="0.0" classname="com.auz.selenium.ui.candidate.testcases.AddCandidate">
    <ignored/>
  </testcase> <!-- TC010_verify_application_throwing_error_while_submitting_candidate_by_entering_only_candidate_currentPosition -->
  <testcase name="TC011_verify_user_is_able_to_edit_candidate_information_successfully" time="0.0" classname="com.auz.selenium.ui.candidate.testcases.AddCandidate">
    <ignored/>
  </testcase> <!-- TC011_verify_user_is_able_to_edit_candidate_information_successfully -->
  <testcase name="TC009_verify_application_throwing_error_while_submitting_candidate_by_entering_only_candidate_currentCompany" time="0.0" classname="com.auz.selenium.ui.candidate.testcases.AddCandidate">
    <ignored/>
  </testcase> <!-- TC009_verify_application_throwing_error_while_submitting_candidate_by_entering_only_candidate_currentCompany -->
  <testcase name="TC002_verify_user_is_able_to_add_candidate_successfully_by_mapping_job" time="0.0" classname="com.auz.selenium.ui.candidate.testcases.AddCandidate">
    <ignored/>
  </testcase> <!-- TC002_verify_user_is_able_to_add_candidate_successfully_by_mapping_job -->
  <testcase name="TC008_verify_application_throwing_error_while_submitting_candidate_by_entering_only_candidate_mobileNumber" time="0.0" classname="com.auz.selenium.ui.candidate.testcases.AddCandidate">
    <ignored/>
  </testcase> <!-- TC008_verify_application_throwing_error_while_submitting_candidate_by_entering_only_candidate_mobileNumber -->
  <testcase name="TC012_verify_user_is_able_to_add_candidate_successfully_by_uploadingResume" time="0.0" classname="com.auz.selenium.ui.candidate.testcases.AddCandidate">
    <ignored/>
  </testcase> <!-- TC012_verify_user_is_able_to_add_candidate_successfully_by_uploadingResume -->
  <testcase name="TC005_verify_application_throwing_error_when_firstName_is_not_entered" time="0.0" classname="com.auz.selenium.ui.candidate.testcases.AddCandidate">
    <ignored/>
  </testcase> <!-- TC005_verify_application_throwing_error_when_firstName_is_not_entered -->
  <testcase name="TC003_verify_user_is_able_to_add_candidate_successfully_by_entering_only_with_MandatoryFieldsOnly" time="0.0" classname="com.auz.selenium.ui.candidate.testcases.AddCandidate">
    <ignored/>
  </testcase> <!-- TC003_verify_user_is_able_to_add_candidate_successfully_by_entering_only_with_MandatoryFieldsOnly -->
  <testcase name="TC007_verify_application_throwing_error_while_submitting_candidate_by_entering_candidate_emaildId_only" time="0.0" classname="com.auz.selenium.ui.candidate.testcases.AddCandidate">
    <ignored/>
  </testcase> <!-- TC007_verify_application_throwing_error_while_submitting_candidate_by_entering_candidate_emaildId_only -->
</testsuite> <!-- Default test -->
