<?xml version="1.0" encoding="UTF-8"?>
<testng-results skipped="0" failed="1" ignored="12" total="13" passed="0">
  <reporter-output>
  </reporter-output>
  <suite name="Default suite" duration-ms="58677" started-at="2020-05-22T11:55:09 IST" finished-at="2020-05-22T11:56:08 IST">
    <groups>
    </groups>
    <test name="Default test" duration-ms="58677" started-at="2020-05-22T11:55:09 IST" finished-at="2020-05-22T11:56:08 IST">
      <class name="com.auz.selenium.ui.candidate.testcases.AddCandidate">
        <test-method status="PASS" signature="beforeSuite()[pri:0, instance:com.auz.selenium.ui.candidate.testcases.AddCandidate@17d0685f]" name="beforeSuite" is-config="true" duration-ms="152" started-at="2020-05-22T11:55:09 IST" finished-at="2020-05-22T11:55:09 IST">
          <reporter-output>
          </reporter-output>
        </test-method> <!-- beforeSuite -->
        <test-method status="PASS" signature="setValues()[pri:0, instance:com.auz.selenium.ui.candidate.testcases.AddCandidate@17d0685f]" name="setValues" is-config="true" duration-ms="1" started-at="2020-05-22T11:55:09 IST" finished-at="2020-05-22T11:55:09 IST">
          <reporter-output>
          </reporter-output>
        </test-method> <!-- setValues -->
        <test-method status="PASS" signature="beforeClass()[pri:0, instance:com.auz.selenium.ui.candidate.testcases.AddCandidate@17d0685f]" name="beforeClass" is-config="true" duration-ms="4" started-at="2020-05-22T11:55:09 IST" finished-at="2020-05-22T11:55:09 IST">
          <reporter-output>
          </reporter-output>
        </test-method> <!-- beforeClass -->
        <test-method status="PASS" signature="beforeMethod()[pri:0, instance:com.auz.selenium.ui.candidate.testcases.AddCandidate@17d0685f]" name="beforeMethod" is-config="true" duration-ms="12216" started-at="2020-05-22T11:55:09 IST" finished-at="2020-05-22T11:55:21 IST">
          <reporter-output>
          </reporter-output>
        </test-method> <!-- beforeMethod -->
        <test-method status="FAIL" signature="TC001_verify_user_is_able_to_add_candidate_successfully_without_mapping_job()[pri:0, instance:com.auz.selenium.ui.candidate.testcases.AddCandidate@17d0685f]" name="TC001_verify_user_is_able_to_add_candidate_successfully_without_mapping_job" duration-ms="45421" started-at="2020-05-22T11:55:21 IST" finished-at="2020-05-22T11:56:07 IST">
          <exception class="java.lang.RuntimeException">
            <message>
              <![CDATA[Server returned HTTP response code: 401 for URL: https://auzmorhr.testrail.io/index.php?/api/v2/add_result/258346]]>
            </message>
            <full-stacktrace>
              <![CDATA[java.lang.RuntimeException: Server returned HTTP response code: 401 for URL: https://auzmorhr.testrail.io/index.php?/api/v2/add_result/258346
at com.auz.selenium.CoreUtils.SeleniumBase.sendPostRequest(SeleniumBase.java:650)
at com.auz.selenium.CoreUtils.SeleniumBase.updateTestRailResultAsFail(SeleniumBase.java:623)
at com.auz.selenium.ui.candidate.testcases.AddCandidate.TC001_verify_user_is_able_to_add_candidate_successfully_without_mapping_job(AddCandidate.java:68)
at sun.reflect.NativeMethodAccessorImpl.invoke0(Native Method)
at sun.reflect.NativeMethodAccessorImpl.invoke(Unknown Source)
at sun.reflect.DelegatingMethodAccessorImpl.invoke(Unknown Source)
at java.lang.reflect.Method.invoke(Unknown Source)
at org.testng.internal.MethodInvocationHelper.invokeMethod(MethodInvocationHelper.java:134)
at org.testng.internal.TestInvoker.invokeMethod(TestInvoker.java:597)
at org.testng.internal.TestInvoker.invokeTestMethod(TestInvoker.java:173)
at org.testng.internal.MethodRunner.runInSequence(MethodRunner.java:46)
at org.testng.internal.TestInvoker$MethodInvocationAgent.invoke(TestInvoker.java:816)
at org.testng.internal.TestInvoker.invokeTestMethods(TestInvoker.java:146)
at org.testng.internal.TestMethodWorker.invokeTestMethods(TestMethodWorker.java:146)
at org.testng.internal.TestMethodWorker.run(TestMethodWorker.java:128)
at java.util.ArrayList.forEach(Unknown Source)
at org.testng.TestRunner.privateRun(TestRunner.java:766)
at org.testng.TestRunner.run(TestRunner.java:587)
at org.testng.SuiteRunner.runTest(SuiteRunner.java:384)
at org.testng.SuiteRunner.runSequentially(SuiteRunner.java:378)
at org.testng.SuiteRunner.privateRun(SuiteRunner.java:337)
at org.testng.SuiteRunner.run(SuiteRunner.java:286)
at org.testng.SuiteRunnerWorker.runSuite(SuiteRunnerWorker.java:53)
at org.testng.SuiteRunnerWorker.run(SuiteRunnerWorker.java:96)
at org.testng.TestNG.runSuitesSequentially(TestNG.java:1187)
at org.testng.TestNG.runSuitesLocally(TestNG.java:1109)
at org.testng.TestNG.runSuites(TestNG.java:1039)
at org.testng.TestNG.run(TestNG.java:1007)
at org.testng.remote.AbstractRemoteTestNG.run(AbstractRemoteTestNG.java:115)
at org.testng.remote.RemoteTestNG.initAndRun(RemoteTestNG.java:251)
at org.testng.remote.RemoteTestNG.main(RemoteTestNG.java:77)
]]>
            </full-stacktrace>
          </exception> <!-- java.lang.RuntimeException -->
          <reporter-output>
          </reporter-output>
        </test-method> <!-- TC001_verify_user_is_able_to_add_candidate_successfully_without_mapping_job -->
        <test-method status="PASS" signature="afterMethod(org.testng.ITestResult)[pri:0, instance:com.auz.selenium.ui.candidate.testcases.AddCandidate@17d0685f]" name="afterMethod" is-config="true" duration-ms="960" started-at="2020-05-22T11:56:07 IST" finished-at="2020-05-22T11:56:08 IST">
          <params>
            <param index="0">
              <value>
                <![CDATA[[TestResult name=TC001_verify_user_is_able_to_add_candidate_successfully_without_mapping_job status=FAILURE method=AddCandidate.TC001_verify_user_is_able_to_add_candidate_successfully_without_mapping_job()[pri:0, instance:com.auz.selenium.ui.candidate.testcases.AddCandidate@17d0685f] output={null}]]]>
              </value>
            </param>
          </params>
          <reporter-output>
          </reporter-output>
        </test-method> <!-- afterMethod -->
        <test-method status="PASS" signature="afterSuite()[pri:0, instance:com.auz.selenium.ui.candidate.testcases.AddCandidate@17d0685f]" name="afterSuite" is-config="true" duration-ms="490" started-at="2020-05-22T11:56:08 IST" finished-at="2020-05-22T11:56:08 IST">
          <reporter-output>
          </reporter-output>
        </test-method> <!-- afterSuite -->
      </class> <!-- com.auz.selenium.ui.candidate.testcases.AddCandidate -->
    </test> <!-- Default test -->
  </suite> <!-- Default suite -->
</testng-results>
